<?xml version="1.0" encoding="UTF-8"?>
<testsuite name="com.ceiba.co.parqueadero.consulta.controladores.integracion.PruebaIntegracionConsultaTickets" tests="2" skipped="0" failures="0" errors="0" timestamp="2019-07-17T12:59:47" hostname="PEDRO-RUIZ" time="0.195">
  <properties/>
  <testcase name="probarListadoParqueaderoVacio" classname="com.ceiba.co.parqueadero.consulta.controladores.integracion.PruebaIntegracionConsultaTickets" time="0.036"/>
  <testcase name="probarListadoParqueadero" classname="com.ceiba.co.parqueadero.consulta.controladores.integracion.PruebaIntegracionConsultaTickets" time="0.157"/>
  <system-out><![CDATA[2019-07-17 07:59:47.133  INFO 16336 --- [    Test worker] .b.t.c.SpringBootTestContextBootstrapper : Neither @ContextConfiguration nor @ContextHierarchy found for test class [com.ceiba.co.parqueadero.consulta.controladores.integracion.PruebaIntegracionConsultaTickets], using SpringBootContextLoader
2019-07-17 07:59:47.136  INFO 16336 --- [    Test worker] o.s.t.c.support.AbstractContextLoader    : Could not detect default resource locations for test class [com.ceiba.co.parqueadero.consulta.controladores.integracion.PruebaIntegracionConsultaTickets]: no resource found for suffixes {-context.xml, Context.groovy}.
2019-07-17 07:59:47.138  INFO 16336 --- [    Test worker] t.c.s.AnnotationConfigContextLoaderUtils : Could not detect default configuration classes for test class [com.ceiba.co.parqueadero.consulta.controladores.integracion.PruebaIntegracionConsultaTickets]: PruebaIntegracionConsultaTickets does not declare any static, non-private, non-final, nested classes annotated with @Configuration.
2019-07-17 07:59:47.150  INFO 16336 --- [    Test worker] .b.t.c.SpringBootTestContextBootstrapper : Found @SpringBootConfiguration com.ceiba.co.parqueadero.ParqueaderoApplication for test class com.ceiba.co.parqueadero.consulta.controladores.integracion.PruebaIntegracionConsultaTickets
2019-07-17 07:59:47.152  INFO 16336 --- [    Test worker] .b.t.c.SpringBootTestContextBootstrapper : Loaded default TestExecutionListener class names from location [META-INF/spring.factories]: [org.springframework.boot.test.autoconfigure.restdocs.RestDocsTestExecutionListener, org.springframework.boot.test.autoconfigure.web.client.MockRestServiceServerResetTestExecutionListener, org.springframework.boot.test.autoconfigure.web.servlet.MockMvcPrintOnlyOnFailureTestExecutionListener, org.springframework.boot.test.autoconfigure.web.servlet.WebDriverTestExecutionListener, org.springframework.boot.test.mock.mockito.MockitoTestExecutionListener, org.springframework.boot.test.mock.mockito.ResetMocksTestExecutionListener, org.springframework.test.context.web.ServletTestExecutionListener, org.springframework.test.context.support.DirtiesContextBeforeModesTestExecutionListener, org.springframework.test.context.support.DependencyInjectionTestExecutionListener, org.springframework.test.context.support.DirtiesContextTestExecutionListener, org.springframework.test.context.transaction.TransactionalTestExecutionListener, org.springframework.test.context.jdbc.SqlScriptsTestExecutionListener]
2019-07-17 07:59:47.154  INFO 16336 --- [    Test worker] .b.t.c.SpringBootTestContextBootstrapper : Using TestExecutionListeners: [org.springframework.test.context.web.ServletTestExecutionListener@1ce4aa83, org.springframework.test.context.support.DirtiesContextBeforeModesTestExecutionListener@1b8b2c2b, org.springframework.boot.test.mock.mockito.MockitoTestExecutionListener@11cd6b56, org.springframework.boot.test.autoconfigure.SpringBootDependencyInjectionTestExecutionListener@648316a8, org.springframework.test.context.support.DirtiesContextTestExecutionListener@5d0a0809, org.springframework.test.context.transaction.TransactionalTestExecutionListener@1f228df7, org.springframework.test.context.jdbc.SqlScriptsTestExecutionListener@654fc29e, org.springframework.boot.test.autoconfigure.restdocs.RestDocsTestExecutionListener@1985bec9, org.springframework.boot.test.autoconfigure.web.client.MockRestServiceServerResetTestExecutionListener@1442b7b0, org.springframework.boot.test.autoconfigure.web.servlet.MockMvcPrintOnlyOnFailureTestExecutionListener@1f04ddfa, org.springframework.boot.test.autoconfigure.web.servlet.WebDriverTestExecutionListener@4c4a7b6, org.springframework.boot.test.mock.mockito.ResetMocksTestExecutionListener@30832211]
2019-07-17 07:59:47.162  INFO 16336 --- [    Test worker] o.a.c.c.C.[Tomcat].[localhost].[/]       : Initializing Spring TestDispatcherServlet ''
2019-07-17 07:59:47.162  INFO 16336 --- [    Test worker] o.s.t.web.servlet.TestDispatcherServlet  : Initializing Servlet ''
2019-07-17 07:59:47.165  INFO 16336 --- [    Test worker] o.s.t.web.servlet.TestDispatcherServlet  : Completed initialization in 3 ms
2019-07-17 07:59:47.253  INFO 16336 --- [    Test worker] o.a.c.c.C.[Tomcat].[localhost].[/]       : Initializing Spring TestDispatcherServlet ''
2019-07-17 07:59:47.256  INFO 16336 --- [    Test worker] o.s.t.web.servlet.TestDispatcherServlet  : Initializing Servlet ''
2019-07-17 07:59:47.263  INFO 16336 --- [    Test worker] o.s.t.web.servlet.TestDispatcherServlet  : Completed initialization in 6 ms
]]></system-out>
  <system-err><![CDATA[]]></system-err>
</testsuite>
