<?xml version="1.0" encoding="UTF-8"?>
<testsuite name="com.ceiba.co.parqueadero.ParqueaderoApplicationTests" tests="1" skipped="0" failures="0" errors="0" timestamp="2019-07-17T12:59:49" hostname="PEDRO-RUIZ" time="0.005">
  <properties/>
  <testcase name="contextLoads" classname="com.ceiba.co.parqueadero.ParqueaderoApplicationTests" time="0.005"/>
  <system-out><![CDATA[2019-07-17 07:59:47.360  INFO 16336 --- [    Test worker] .b.t.c.SpringBootTestContextBootstrapper : Neither @ContextConfiguration nor @ContextHierarchy found for test class [com.ceiba.co.parqueadero.ParqueaderoApplicationTests], using SpringBootContextLoader
2019-07-17 07:59:47.362  INFO 16336 --- [    Test worker] o.s.t.c.support.AbstractContextLoader    : Could not detect default resource locations for test class [com.ceiba.co.parqueadero.ParqueaderoApplicationTests]: no resource found for suffixes {-context.xml, Context.groovy}.
2019-07-17 07:59:47.364  INFO 16336 --- [    Test worker] t.c.s.AnnotationConfigContextLoaderUtils : Could not detect default configuration classes for test class [com.ceiba.co.parqueadero.ParqueaderoApplicationTests]: ParqueaderoApplicationTests does not declare any static, non-private, non-final, nested classes annotated with @Configuration.
2019-07-17 07:59:47.369  INFO 16336 --- [    Test worker] .b.t.c.SpringBootTestContextBootstrapper : Found @SpringBootConfiguration com.ceiba.co.parqueadero.ParqueaderoApplication for test class com.ceiba.co.parqueadero.ParqueaderoApplicationTests
2019-07-17 07:59:47.370  INFO 16336 --- [    Test worker] .b.t.c.SpringBootTestContextBootstrapper : Loaded default TestExecutionListener class names from location [META-INF/spring.factories]: [org.springframework.boot.test.autoconfigure.restdocs.RestDocsTestExecutionListener, org.springframework.boot.test.autoconfigure.web.client.MockRestServiceServerResetTestExecutionListener, org.springframework.boot.test.autoconfigure.web.servlet.MockMvcPrintOnlyOnFailureTestExecutionListener, org.springframework.boot.test.autoconfigure.web.servlet.WebDriverTestExecutionListener, org.springframework.boot.test.mock.mockito.MockitoTestExecutionListener, org.springframework.boot.test.mock.mockito.ResetMocksTestExecutionListener, org.springframework.test.context.web.ServletTestExecutionListener, org.springframework.test.context.support.DirtiesContextBeforeModesTestExecutionListener, org.springframework.test.context.support.DependencyInjectionTestExecutionListener, org.springframework.test.context.support.DirtiesContextTestExecutionListener, org.springframework.test.context.transaction.TransactionalTestExecutionListener, org.springframework.test.context.jdbc.SqlScriptsTestExecutionListener]
2019-07-17 07:59:47.372  INFO 16336 --- [    Test worker] .b.t.c.SpringBootTestContextBootstrapper : Using TestExecutionListeners: [org.springframework.test.context.web.ServletTestExecutionListener@346dc9d1, org.springframework.test.context.support.DirtiesContextBeforeModesTestExecutionListener@15ed1f1c, org.springframework.boot.test.mock.mockito.MockitoTestExecutionListener@76b73527, org.springframework.boot.test.autoconfigure.SpringBootDependencyInjectionTestExecutionListener@6547d66c, org.springframework.test.context.support.DirtiesContextTestExecutionListener@3fbeb854, org.springframework.test.context.transaction.TransactionalTestExecutionListener@42d64540, org.springframework.test.context.jdbc.SqlScriptsTestExecutionListener@d074e30, org.springframework.boot.test.autoconfigure.restdocs.RestDocsTestExecutionListener@56a80d4a, org.springframework.boot.test.autoconfigure.web.client.MockRestServiceServerResetTestExecutionListener@1c9e63d3, org.springframework.boot.test.autoconfigure.web.servlet.MockMvcPrintOnlyOnFailureTestExecutionListener@6c12d945, org.springframework.boot.test.autoconfigure.web.servlet.WebDriverTestExecutionListener@5b536c39, org.springframework.boot.test.mock.mockito.ResetMocksTestExecutionListener@4d87f844]

  .   ____          _            __ _ _
 /\\ / ___'_ __ _ _(_)_ __  __ _ \ \ \ \
( ( )\___ | '_ | '_| | '_ \/ _` | \ \ \ \
 \\/  ___)| |_)| | | | | || (_| |  ) ) ) )
  '  |____| .__|_| |_|_| |_\__, | / / / /
 =========|_|==============|___/=/_/_/_/
 :: Spring Boot ::        (v2.1.6.RELEASE)

2019-07-17 07:59:47.414  INFO 16336 --- [    Test worker] c.c.c.p.ParqueaderoApplicationTests      : Starting ParqueaderoApplicationTests on PEDRO-RUIZ with PID 16336 (started by pedro.ruiz in C:\Users\pedro.ruiz\Downloads\parqueadero)
2019-07-17 07:59:47.417  INFO 16336 --- [    Test worker] c.c.c.p.ParqueaderoApplicationTests      : No active profile set, falling back to default profiles: default
2019-07-17 07:59:47.746  INFO 16336 --- [    Test worker] .s.d.r.c.RepositoryConfigurationDelegate : Bootstrapping Spring Data repositories in DEFAULT mode.
2019-07-17 07:59:47.815  INFO 16336 --- [    Test worker] .s.d.r.c.RepositoryConfigurationDelegate : Finished Spring Data repository scanning in 69ms. Found 1 repository interfaces.
2019-07-17 07:59:47.924  INFO 16336 --- [    Test worker] trationDelegate$BeanPostProcessorChecker : Bean 'org.springframework.transaction.annotation.ProxyTransactionManagementConfiguration' of type [org.springframework.transaction.annotation.ProxyTransactionManagementConfiguration$$EnhancerBySpringCGLIB$$82eedeb5] is not eligible for getting processed by all BeanPostProcessors (for example: not eligible for auto-proxying)
2019-07-17 07:59:48.061  INFO 16336 --- [    Test worker] com.zaxxer.hikari.HikariDataSource       : HikariPool-3 - Starting...
2019-07-17 07:59:48.068  INFO 16336 --- [    Test worker] com.zaxxer.hikari.HikariDataSource       : HikariPool-3 - Start completed.
2019-07-17 07:59:48.124  INFO 16336 --- [    Test worker] o.hibernate.jpa.internal.util.LogHelper  : HHH000204: Processing PersistenceUnitInfo [
	name: default
	...]
2019-07-17 07:59:48.145  INFO 16336 --- [    Test worker] org.hibernate.dialect.Dialect            : HHH000400: Using dialect: org.hibernate.dialect.H2Dialect
2019-07-17 07:59:48.187  INFO 16336 --- [    Test worker] o.h.t.schema.internal.SchemaCreatorImpl  : HHH000476: Executing import script 'org.hibernate.tool.schema.internal.exec.ScriptSourceInputNonExistentImpl@6d00b54e'
2019-07-17 07:59:48.188  INFO 16336 --- [    Test worker] j.LocalContainerEntityManagerFactoryBean : Initialized JPA EntityManagerFactory for persistence unit 'default'
2019-07-17 07:59:48.274  INFO 16336 --- [    Test worker] o.h.h.i.QueryTranslatorFactoryInitiator  : HHH000397: Using ASTQueryTranslatorFactory
2019-07-17 07:59:48.769  INFO 16336 --- [    Test worker] o.s.s.concurrent.ThreadPoolTaskExecutor  : Initializing ExecutorService 'applicationTaskExecutor'
2019-07-17 07:59:48.789  WARN 16336 --- [    Test worker] aWebConfiguration$JpaWebMvcConfiguration : spring.jpa.open-in-view is enabled by default. Therefore, database queries may be performed during view rendering. Explicitly configure spring.jpa.open-in-view to disable this warning
2019-07-17 07:59:49.229  INFO 16336 --- [    Test worker] c.c.c.p.ParqueaderoApplicationTests      : Started ParqueaderoApplicationTests in 1.854 seconds (JVM running for 22.362)
]]></system-out>
  <system-err><![CDATA[]]></system-err>
</testsuite>
