<?xml version="1.0" encoding="UTF-8"?>
<testsuite name="com.ceiba.co.parqueadero.comando.dominio.unitarias.TestVigilante" tests="2" skipped="0" failures="0" errors="0" timestamp="2019-07-15T22:14:20" hostname="PEDRO-RUIZ" time="0.04">
  <properties/>
  <testcase name="registrarCarroEnDiaNoHabil" classname="com.ceiba.co.parqueadero.comando.dominio.unitarias.TestVigilante" time="0.031"/>
  <testcase name="registrarCarroEnDiaHabil" classname="com.ceiba.co.parqueadero.comando.dominio.unitarias.TestVigilante" time="0.006"/>
  <system-out><![CDATA[]]></system-out>
  <system-err><![CDATA[]]></system-err>
</testsuite>
