<?xml version="1.0" encoding="UTF-8"?>
<testsuite name="com.ceiba.co.parqueadero.comando.dominio.unitarias.TestCarro" tests="5" skipped="0" failures="0" errors="0" timestamp="2019-07-17T12:59:46" hostname="PEDRO-RUIZ" time="0.027">
  <properties/>
  <testcase name="calcularPrecioPorUnDiaYHorasAdicionalesMayoresAlLimite" classname="com.ceiba.co.parqueadero.comando.dominio.unitarias.TestCarro" time="0.007"/>
  <testcase name="calcularPrecioPorUnDiaYHorasAdicionalesMenoresAlLimite" classname="com.ceiba.co.parqueadero.comando.dominio.unitarias.TestCarro" time="0.003"/>
  <testcase name="calcularPrecioCuandoCumpleNueveHoras" classname="com.ceiba.co.parqueadero.comando.dominio.unitarias.TestCarro" time="0.003"/>
  <testcase name="calcularPrecioPorHoras" classname="com.ceiba.co.parqueadero.comando.dominio.unitarias.TestCarro" time="0.003"/>
  <testcase name="calcularPrecioPorUnDia" classname="com.ceiba.co.parqueadero.comando.dominio.unitarias.TestCarro" time="0.003"/>
  <system-out><![CDATA[2019-07-17 07:59:44.677  INFO 16336 --- [    Test worker] .b.t.c.SpringBootTestContextBootstrapper : Neither @ContextConfiguration nor @ContextHierarchy found for test class [com.ceiba.co.parqueadero.comando.dominio.unitarias.TestCarro], using SpringBootContextLoader
2019-07-17 07:59:44.678  INFO 16336 --- [    Test worker] o.s.t.c.support.AbstractContextLoader    : Could not detect default resource locations for test class [com.ceiba.co.parqueadero.comando.dominio.unitarias.TestCarro]: no resource found for suffixes {-context.xml, Context.groovy}.
2019-07-17 07:59:44.678  INFO 16336 --- [    Test worker] t.c.s.AnnotationConfigContextLoaderUtils : Could not detect default configuration classes for test class [com.ceiba.co.parqueadero.comando.dominio.unitarias.TestCarro]: TestCarro does not declare any static, non-private, non-final, nested classes annotated with @Configuration.
2019-07-17 07:59:44.697  INFO 16336 --- [    Test worker] .b.t.c.SpringBootTestContextBootstrapper : Found @SpringBootConfiguration com.ceiba.co.parqueadero.ParqueaderoApplication for test class com.ceiba.co.parqueadero.comando.dominio.unitarias.TestCarro
2019-07-17 07:59:44.700  INFO 16336 --- [    Test worker] .b.t.c.SpringBootTestContextBootstrapper : Loaded default TestExecutionListener class names from location [META-INF/spring.factories]: [org.springframework.boot.test.autoconfigure.restdocs.RestDocsTestExecutionListener, org.springframework.boot.test.autoconfigure.web.client.MockRestServiceServerResetTestExecutionListener, org.springframework.boot.test.autoconfigure.web.servlet.MockMvcPrintOnlyOnFailureTestExecutionListener, org.springframework.boot.test.autoconfigure.web.servlet.WebDriverTestExecutionListener, org.springframework.boot.test.mock.mockito.MockitoTestExecutionListener, org.springframework.boot.test.mock.mockito.ResetMocksTestExecutionListener, org.springframework.test.context.web.ServletTestExecutionListener, org.springframework.test.context.support.DirtiesContextBeforeModesTestExecutionListener, org.springframework.test.context.support.DependencyInjectionTestExecutionListener, org.springframework.test.context.support.DirtiesContextTestExecutionListener, org.springframework.test.context.transaction.TransactionalTestExecutionListener, org.springframework.test.context.jdbc.SqlScriptsTestExecutionListener]
2019-07-17 07:59:44.701  INFO 16336 --- [    Test worker] .b.t.c.SpringBootTestContextBootstrapper : Using TestExecutionListeners: [org.springframework.test.context.web.ServletTestExecutionListener@4f860c5e, org.springframework.test.context.support.DirtiesContextBeforeModesTestExecutionListener@22e5de0c, org.springframework.boot.test.mock.mockito.MockitoTestExecutionListener@75b338b3, org.springframework.boot.test.autoconfigure.SpringBootDependencyInjectionTestExecutionListener@109500f6, org.springframework.test.context.support.DirtiesContextTestExecutionListener@6f8e1a46, org.springframework.test.context.transaction.TransactionalTestExecutionListener@6397ac05, org.springframework.test.context.jdbc.SqlScriptsTestExecutionListener@f8d6664, org.springframework.boot.test.autoconfigure.restdocs.RestDocsTestExecutionListener@37a755d3, org.springframework.boot.test.autoconfigure.web.client.MockRestServiceServerResetTestExecutionListener@2864254b, org.springframework.boot.test.autoconfigure.web.servlet.MockMvcPrintOnlyOnFailureTestExecutionListener@76cd43c6, org.springframework.boot.test.autoconfigure.web.servlet.WebDriverTestExecutionListener@1297a53d, org.springframework.boot.test.mock.mockito.ResetMocksTestExecutionListener@1f936371]

  .   ____          _            __ _ _
 /\\ / ___'_ __ _ _(_)_ __  __ _ \ \ \ \
( ( )\___ | '_ | '_| | '_ \/ _` | \ \ \ \
 \\/  ___)| |_)| | | | | || (_| |  ) ) ) )
  '  |____| .__|_| |_|_| |_\__, | / / / /
 =========|_|==============|___/=/_/_/_/
 :: Spring Boot ::        (v2.1.6.RELEASE)

2019-07-17 07:59:44.758  INFO 16336 --- [    Test worker] c.c.c.p.c.dominio.unitarias.TestCarro    : Starting TestCarro on PEDRO-RUIZ with PID 16336 (started by pedro.ruiz in C:\Users\pedro.ruiz\Downloads\parqueadero)
2019-07-17 07:59:44.759  INFO 16336 --- [    Test worker] c.c.c.p.c.dominio.unitarias.TestCarro    : No active profile set, falling back to default profiles: default
2019-07-17 07:59:45.116  INFO 16336 --- [    Test worker] .s.d.r.c.RepositoryConfigurationDelegate : Bootstrapping Spring Data repositories in DEFAULT mode.
2019-07-17 07:59:45.187  INFO 16336 --- [    Test worker] .s.d.r.c.RepositoryConfigurationDelegate : Finished Spring Data repository scanning in 71ms. Found 1 repository interfaces.
2019-07-17 07:59:45.308  INFO 16336 --- [    Test worker] trationDelegate$BeanPostProcessorChecker : Bean 'org.springframework.transaction.annotation.ProxyTransactionManagementConfiguration' of type [org.springframework.transaction.annotation.ProxyTransactionManagementConfiguration$$EnhancerBySpringCGLIB$$82eedeb5] is not eligible for getting processed by all BeanPostProcessors (for example: not eligible for auto-proxying)
2019-07-17 07:59:45.437  INFO 16336 --- [    Test worker] com.zaxxer.hikari.HikariDataSource       : HikariPool-2 - Starting...
2019-07-17 07:59:45.440  INFO 16336 --- [    Test worker] com.zaxxer.hikari.HikariDataSource       : HikariPool-2 - Start completed.
2019-07-17 07:59:45.486  INFO 16336 --- [    Test worker] o.hibernate.jpa.internal.util.LogHelper  : HHH000204: Processing PersistenceUnitInfo [
	name: default
	...]
2019-07-17 07:59:45.509  INFO 16336 --- [    Test worker] org.hibernate.dialect.Dialect            : HHH000400: Using dialect: org.hibernate.dialect.H2Dialect
2019-07-17 07:59:45.569  INFO 16336 --- [    Test worker] o.h.t.schema.internal.SchemaCreatorImpl  : HHH000476: Executing import script 'org.hibernate.tool.schema.internal.exec.ScriptSourceInputNonExistentImpl@6d00b54e'
2019-07-17 07:59:45.570  INFO 16336 --- [    Test worker] j.LocalContainerEntityManagerFactoryBean : Initialized JPA EntityManagerFactory for persistence unit 'default'
2019-07-17 07:59:45.667  INFO 16336 --- [    Test worker] o.h.h.i.QueryTranslatorFactoryInitiator  : HHH000397: Using ASTQueryTranslatorFactory
2019-07-17 07:59:46.171  INFO 16336 --- [    Test worker] o.s.s.concurrent.ThreadPoolTaskExecutor  : Initializing ExecutorService 'applicationTaskExecutor'
2019-07-17 07:59:46.189  WARN 16336 --- [    Test worker] aWebConfiguration$JpaWebMvcConfiguration : spring.jpa.open-in-view is enabled by default. Therefore, database queries may be performed during view rendering. Explicitly configure spring.jpa.open-in-view to disable this warning
2019-07-17 07:59:46.643  INFO 16336 --- [    Test worker] c.c.c.p.c.dominio.unitarias.TestCarro    : Started TestCarro in 1.929 seconds (JVM running for 19.776)
]]></system-out>
  <system-err><![CDATA[]]></system-err>
</testsuite>
