<?xml version="1.0" encoding="UTF-8"?>
<testsuite name="com.ceiba.co.parqueadero.comando.dominio.unitarias.TestMoto" tests="4" skipped="0" failures="0" errors="0" timestamp="2019-07-15T22:14:20" hostname="PEDRO-RUIZ" time="0.017">
  <properties/>
  <testcase name="calcularPrecioCuandoCumpleNueveHoras" classname="com.ceiba.co.parqueadero.comando.dominio.unitarias.TestMoto" time="0.004"/>
  <testcase name="calcularPrecioParaAltoCilindraje" classname="com.ceiba.co.parqueadero.comando.dominio.unitarias.TestMoto" time="0.002"/>
  <testcase name="calcularPrecioPorHoras" classname="com.ceiba.co.parqueadero.comando.dominio.unitarias.TestMoto" time="0.003"/>
  <testcase name="calcularPrecioPorUnDia" classname="com.ceiba.co.parqueadero.comando.dominio.unitarias.TestMoto" time="0.005"/>
  <system-out><![CDATA[2019-07-15 17:14:20.324  INFO 4884 --- [    Test worker] .b.t.c.SpringBootTestContextBootstrapper : Neither @ContextConfiguration nor @ContextHierarchy found for test class [com.ceiba.co.parqueadero.comando.dominio.unitarias.TestMoto], using SpringBootContextLoader
2019-07-15 17:14:20.326  INFO 4884 --- [    Test worker] o.s.t.c.support.AbstractContextLoader    : Could not detect default resource locations for test class [com.ceiba.co.parqueadero.comando.dominio.unitarias.TestMoto]: no resource found for suffixes {-context.xml, Context.groovy}.
2019-07-15 17:14:20.327  INFO 4884 --- [    Test worker] t.c.s.AnnotationConfigContextLoaderUtils : Could not detect default configuration classes for test class [com.ceiba.co.parqueadero.comando.dominio.unitarias.TestMoto]: TestMoto does not declare any static, non-private, non-final, nested classes annotated with @Configuration.
2019-07-15 17:14:20.333  INFO 4884 --- [    Test worker] .b.t.c.SpringBootTestContextBootstrapper : Found @SpringBootConfiguration com.ceiba.co.parqueadero.ParqueaderoApplication for test class com.ceiba.co.parqueadero.comando.dominio.unitarias.TestMoto
2019-07-15 17:14:20.336  INFO 4884 --- [    Test worker] .b.t.c.SpringBootTestContextBootstrapper : Loaded default TestExecutionListener class names from location [META-INF/spring.factories]: [org.springframework.boot.test.autoconfigure.restdocs.RestDocsTestExecutionListener, org.springframework.boot.test.autoconfigure.web.client.MockRestServiceServerResetTestExecutionListener, org.springframework.boot.test.autoconfigure.web.servlet.MockMvcPrintOnlyOnFailureTestExecutionListener, org.springframework.boot.test.autoconfigure.web.servlet.WebDriverTestExecutionListener, org.springframework.boot.test.mock.mockito.MockitoTestExecutionListener, org.springframework.boot.test.mock.mockito.ResetMocksTestExecutionListener, org.springframework.test.context.web.ServletTestExecutionListener, org.springframework.test.context.support.DirtiesContextBeforeModesTestExecutionListener, org.springframework.test.context.support.DependencyInjectionTestExecutionListener, org.springframework.test.context.support.DirtiesContextTestExecutionListener, org.springframework.test.context.transaction.TransactionalTestExecutionListener, org.springframework.test.context.jdbc.SqlScriptsTestExecutionListener]
2019-07-15 17:14:20.337  INFO 4884 --- [    Test worker] .b.t.c.SpringBootTestContextBootstrapper : Using TestExecutionListeners: [org.springframework.test.context.web.ServletTestExecutionListener@59f97d35, org.springframework.test.context.support.DirtiesContextBeforeModesTestExecutionListener@4dd125ca, org.springframework.boot.test.mock.mockito.MockitoTestExecutionListener@52d4ecde, org.springframework.boot.test.autoconfigure.SpringBootDependencyInjectionTestExecutionListener@20084626, org.springframework.test.context.support.DirtiesContextTestExecutionListener@320a97c7, org.springframework.test.context.transaction.TransactionalTestExecutionListener@76b10b39, org.springframework.test.context.jdbc.SqlScriptsTestExecutionListener@3f6bb2d, org.springframework.boot.test.autoconfigure.restdocs.RestDocsTestExecutionListener@612df403, org.springframework.boot.test.autoconfigure.web.client.MockRestServiceServerResetTestExecutionListener@77ff34e, org.springframework.boot.test.autoconfigure.web.servlet.MockMvcPrintOnlyOnFailureTestExecutionListener@79e9d85b, org.springframework.boot.test.autoconfigure.web.servlet.WebDriverTestExecutionListener@4f702b98, org.springframework.boot.test.mock.mockito.ResetMocksTestExecutionListener@41735399]
]]></system-out>
  <system-err><![CDATA[]]></system-err>
</testsuite>
