<?xml version="1.0" encoding="UTF-8"?>
<testsuite name="com.ceiba.co.parqueadero.comando.dominio.unitarias.TestMoto" tests="4" skipped="0" failures="0" errors="0" timestamp="2019-07-17T12:59:46" hostname="PEDRO-RUIZ" time="0.027">
  <properties/>
  <testcase name="calcularPrecioCuandoCumpleNueveHoras" classname="com.ceiba.co.parqueadero.comando.dominio.unitarias.TestMoto" time="0.006"/>
  <testcase name="calcularPrecioParaAltoCilindraje" classname="com.ceiba.co.parqueadero.comando.dominio.unitarias.TestMoto" time="0.004"/>
  <testcase name="calcularPrecioPorHoras" classname="com.ceiba.co.parqueadero.comando.dominio.unitarias.TestMoto" time="0.006"/>
  <testcase name="calcularPrecioPorUnDia" classname="com.ceiba.co.parqueadero.comando.dominio.unitarias.TestMoto" time="0.005"/>
  <system-out><![CDATA[2019-07-17 07:59:46.680  INFO 16336 --- [    Test worker] .b.t.c.SpringBootTestContextBootstrapper : Neither @ContextConfiguration nor @ContextHierarchy found for test class [com.ceiba.co.parqueadero.comando.dominio.unitarias.TestMoto], using SpringBootContextLoader
2019-07-17 07:59:46.681  INFO 16336 --- [    Test worker] o.s.t.c.support.AbstractContextLoader    : Could not detect default resource locations for test class [com.ceiba.co.parqueadero.comando.dominio.unitarias.TestMoto]: no resource found for suffixes {-context.xml, Context.groovy}.
2019-07-17 07:59:46.681  INFO 16336 --- [    Test worker] t.c.s.AnnotationConfigContextLoaderUtils : Could not detect default configuration classes for test class [com.ceiba.co.parqueadero.comando.dominio.unitarias.TestMoto]: TestMoto does not declare any static, non-private, non-final, nested classes annotated with @Configuration.
2019-07-17 07:59:46.684  INFO 16336 --- [    Test worker] .b.t.c.SpringBootTestContextBootstrapper : Found @SpringBootConfiguration com.ceiba.co.parqueadero.ParqueaderoApplication for test class com.ceiba.co.parqueadero.comando.dominio.unitarias.TestMoto
2019-07-17 07:59:46.686  INFO 16336 --- [    Test worker] .b.t.c.SpringBootTestContextBootstrapper : Loaded default TestExecutionListener class names from location [META-INF/spring.factories]: [org.springframework.boot.test.autoconfigure.restdocs.RestDocsTestExecutionListener, org.springframework.boot.test.autoconfigure.web.client.MockRestServiceServerResetTestExecutionListener, org.springframework.boot.test.autoconfigure.web.servlet.MockMvcPrintOnlyOnFailureTestExecutionListener, org.springframework.boot.test.autoconfigure.web.servlet.WebDriverTestExecutionListener, org.springframework.boot.test.mock.mockito.MockitoTestExecutionListener, org.springframework.boot.test.mock.mockito.ResetMocksTestExecutionListener, org.springframework.test.context.web.ServletTestExecutionListener, org.springframework.test.context.support.DirtiesContextBeforeModesTestExecutionListener, org.springframework.test.context.support.DependencyInjectionTestExecutionListener, org.springframework.test.context.support.DirtiesContextTestExecutionListener, org.springframework.test.context.transaction.TransactionalTestExecutionListener, org.springframework.test.context.jdbc.SqlScriptsTestExecutionListener]
2019-07-17 07:59:46.687  INFO 16336 --- [    Test worker] .b.t.c.SpringBootTestContextBootstrapper : Using TestExecutionListeners: [org.springframework.test.context.web.ServletTestExecutionListener@36c7c2d8, org.springframework.test.context.support.DirtiesContextBeforeModesTestExecutionListener@63f1bc09, org.springframework.boot.test.mock.mockito.MockitoTestExecutionListener@7d20738c, org.springframework.boot.test.autoconfigure.SpringBootDependencyInjectionTestExecutionListener@4c3a9149, org.springframework.test.context.support.DirtiesContextTestExecutionListener@44635b14, org.springframework.test.context.transaction.TransactionalTestExecutionListener@2a1cb665, org.springframework.test.context.jdbc.SqlScriptsTestExecutionListener@545e1cb9, org.springframework.boot.test.autoconfigure.restdocs.RestDocsTestExecutionListener@4cf66fa2, org.springframework.boot.test.autoconfigure.web.client.MockRestServiceServerResetTestExecutionListener@121336d3, org.springframework.boot.test.autoconfigure.web.servlet.MockMvcPrintOnlyOnFailureTestExecutionListener@5d73156a, org.springframework.boot.test.autoconfigure.web.servlet.WebDriverTestExecutionListener@79ec71a9, org.springframework.boot.test.mock.mockito.ResetMocksTestExecutionListener@6188a49]
]]></system-out>
  <system-err><![CDATA[]]></system-err>
</testsuite>
